0 silly input []
1 silly flags {
1 silly flags   _: [ 'bootstrap' ],
1 silly flags   'reject-cycles': false,
1 silly flags   rejectCycles: false,
1 silly flags   args: []
1 silly flags }
2 verbose rootPath D:\Box\modern_viet
3 info version 2.11.0
4 silly existsSync D:\Box\modern_viet\VERSION
5 silly initialize attempt
6 silly npmConfig {
6 silly npmConfig   registry: undefined,
6 silly npmConfig   npmClient: 'yarn',
6 silly npmConfig   npmClientArgs: undefined,
6 silly npmConfig   mutex: 'network:42424'
6 silly npmConfig }
7 silly initialize success
8 silly execute attempt
9 info Bootstrapping 8 packages
10 info lifecycle preinstall
11 silly runScript preinstall admin-module
12 silly admin-module
13 silly runScript preinstall category-module
14 silly category-module
15 silly runScript preinstall media-module
16 silly media-module
17 silly runScript preinstall menu-module
18 silly menu-module
19 silly runScript preinstall category-post-module
20 silly category-post-module
21 silly runScript preinstall translation-module
22 silly translation-module
23 silly runScript preinstall user-module
24 silly user-module
25 silly runScript preinstall storefront-theme
26 silly storefront-theme
27 silly hasDependencyInstalled admin-module bootstrap
28 silly dependencyIsSatisfied [
28 silly dependencyIsSatisfied   'bootstrap',
28 silly dependencyIsSatisfied   '^3.3.7',
28 silly dependencyIsSatisfied   'D:\\Box\\modern_viet\\Modules\\Admin\\node_modules'
28 silly dependencyIsSatisfied ]
29 verbose dependencyIsSatisfied bootstrap false
30 silly hasDependencyInstalled storefront-theme bootstrap
31 silly dependencyIsSatisfied [
31 silly dependencyIsSatisfied   'bootstrap',
31 silly dependencyIsSatisfied   '^3.3.7',
31 silly dependencyIsSatisfied   'D:\\Box\\modern_viet\\Themes\\Storefront\\node_modules'
31 silly dependencyIsSatisfied ]
32 verbose dependencyIsSatisfied bootstrap false
33 silly hasDependencyInstalled admin-module chart.js
34 silly dependencyIsSatisfied [
34 silly dependencyIsSatisfied   'chart.js',
34 silly dependencyIsSatisfied   '^2.7.3',
34 silly dependencyIsSatisfied   'D:\\Box\\modern_viet\\Modules\\Admin\\node_modules'
34 silly dependencyIsSatisfied ]
35 verbose dependencyIsSatisfied chart.js false
36 silly hasDependencyInstalled admin-module datatables.net
37 silly dependencyIsSatisfied [
37 silly dependencyIsSatisfied   'datatables.net',
37 silly dependencyIsSatisfied   '^1.10.15',
37 silly dependencyIsSatisfied   'D:\\Box\\modern_viet\\Modules\\Admin\\node_modules'
37 silly dependencyIsSatisfied ]
38 verbose dependencyIsSatisfied datatables.net false
39 silly hasDependencyInstalled admin-module datatables.net-bs
40 silly dependencyIsSatisfied [
40 silly dependencyIsSatisfied   'datatables.net-bs',
40 silly dependencyIsSatisfied   '^1.10.15',
40 silly dependencyIsSatisfied   'D:\\Box\\modern_viet\\Modules\\Admin\\node_modules'
40 silly dependencyIsSatisfied ]
41 verbose dependencyIsSatisfied datatables.net-bs false
42 silly hasDependencyInstalled admin-module flatpickr
43 silly dependencyIsSatisfied [
43 silly dependencyIsSatisfied   'flatpickr',
43 silly dependencyIsSatisfied   '^3.0.6',
43 silly dependencyIsSatisfied   'D:\\Box\\modern_viet\\Modules\\Admin\\node_modules'
43 silly dependencyIsSatisfied ]
44 verbose dependencyIsSatisfied flatpickr false
45 silly hasDependencyInstalled admin-module font-awesome
46 silly dependencyIsSatisfied [
46 silly dependencyIsSatisfied   'font-awesome',
46 silly dependencyIsSatisfied   '^4.7.0',
46 silly dependencyIsSatisfied   'D:\\Box\\modern_viet\\Modules\\Admin\\node_modules'
46 silly dependencyIsSatisfied ]
47 verbose dependencyIsSatisfied font-awesome false
48 silly hasDependencyInstalled storefront-theme font-awesome
49 silly dependencyIsSatisfied [
49 silly dependencyIsSatisfied   'font-awesome',
49 silly dependencyIsSatisfied   '^4.7.0',
49 silly dependencyIsSatisfied   'D:\\Box\\modern_viet\\Themes\\Storefront\\node_modules'
49 silly dependencyIsSatisfied ]
50 verbose dependencyIsSatisfied font-awesome false
51 silly hasDependencyInstalled admin-module jquery
52 silly dependencyIsSatisfied [
52 silly dependencyIsSatisfied   'jquery',
52 silly dependencyIsSatisfied   '^3.2.1',
52 silly dependencyIsSatisfied   'D:\\Box\\modern_viet\\Modules\\Admin\\node_modules'
52 silly dependencyIsSatisfied ]
53 verbose dependencyIsSatisfied jquery false
54 silly hasDependencyInstalled storefront-theme jquery
55 silly dependencyIsSatisfied [
55 silly dependencyIsSatisfied   'jquery',
55 silly dependencyIsSatisfied   '^3.3.1',
55 silly dependencyIsSatisfied   'D:\\Box\\modern_viet\\Themes\\Storefront\\node_modules'
55 silly dependencyIsSatisfied ]
56 verbose dependencyIsSatisfied jquery false
57 silly hasDependencyInstalled admin-module jquery-slimscroll
58 silly dependencyIsSatisfied [
58 silly dependencyIsSatisfied   'jquery-slimscroll',
58 silly dependencyIsSatisfied   '^1.3.8',
58 silly dependencyIsSatisfied   'D:\\Box\\modern_viet\\Modules\\Admin\\node_modules'
58 silly dependencyIsSatisfied ]
59 verbose dependencyIsSatisfied jquery-slimscroll false
60 silly hasDependencyInstalled storefront-theme jquery-slimscroll
61 silly dependencyIsSatisfied [
61 silly dependencyIsSatisfied   'jquery-slimscroll',
61 silly dependencyIsSatisfied   '^1.3.8',
61 silly dependencyIsSatisfied   'D:\\Box\\modern_viet\\Themes\\Storefront\\node_modules'
61 silly dependencyIsSatisfied ]
62 verbose dependencyIsSatisfied jquery-slimscroll false
63 silly hasDependencyInstalled admin-module lodash
64 silly dependencyIsSatisfied [
64 silly dependencyIsSatisfied   'lodash',
64 silly dependencyIsSatisfied   '^4.17.4',
64 silly dependencyIsSatisfied   'D:\\Box\\modern_viet\\Modules\\Admin\\node_modules'
64 silly dependencyIsSatisfied ]
65 verbose dependencyIsSatisfied lodash false
66 silly hasDependencyInstalled admin-module mousetrap
67 silly dependencyIsSatisfied [
67 silly dependencyIsSatisfied   'mousetrap',
67 silly dependencyIsSatisfied   '^1.6.1',
67 silly dependencyIsSatisfied   'D:\\Box\\modern_viet\\Modules\\Admin\\node_modules'
67 silly dependencyIsSatisfied ]
68 verbose dependencyIsSatisfied mousetrap false
69 silly hasDependencyInstalled admin-module nprogress
70 silly dependencyIsSatisfied [
70 silly dependencyIsSatisfied   'nprogress',
70 silly dependencyIsSatisfied   '^0.2.0',
70 silly dependencyIsSatisfied   'D:\\Box\\modern_viet\\Modules\\Admin\\node_modules'
70 silly dependencyIsSatisfied ]
71 verbose dependencyIsSatisfied nprogress false
72 silly hasDependencyInstalled admin-module selectize
73 silly dependencyIsSatisfied [
73 silly dependencyIsSatisfied   'selectize',
73 silly dependencyIsSatisfied   '^0.12.6',
73 silly dependencyIsSatisfied   'D:\\Box\\modern_viet\\Modules\\Admin\\node_modules'
73 silly dependencyIsSatisfied ]
74 verbose dependencyIsSatisfied selectize false
75 silly hasDependencyInstalled storefront-theme selectize
76 silly dependencyIsSatisfied [
76 silly dependencyIsSatisfied   'selectize',
76 silly dependencyIsSatisfied   '^0.12.6',
76 silly dependencyIsSatisfied   'D:\\Box\\modern_viet\\Themes\\Storefront\\node_modules'
76 silly dependencyIsSatisfied ]
77 verbose dependencyIsSatisfied selectize false
78 silly hasDependencyInstalled admin-module sortablejs
79 silly dependencyIsSatisfied [
79 silly dependencyIsSatisfied   'sortablejs',
79 silly dependencyIsSatisfied   'https://github.com/RubaXa/Sortable',
79 silly dependencyIsSatisfied   'D:\\Box\\modern_viet\\Modules\\Admin\\node_modules'
79 silly dependencyIsSatisfied ]
80 verbose dependencyIsSatisfied sortablejs false
81 silly hasDependencyInstalled admin-module tinymce
82 silly dependencyIsSatisfied [
82 silly dependencyIsSatisfied   'tinymce',
82 silly dependencyIsSatisfied   '^4.6.4',
82 silly dependencyIsSatisfied   'D:\\Box\\modern_viet\\Modules\\Admin\\node_modules'
82 silly dependencyIsSatisfied ]
83 verbose dependencyIsSatisfied tinymce false
84 silly hasDependencyInstalled category-module jstree
85 silly dependencyIsSatisfied [
85 silly dependencyIsSatisfied   'jstree',
85 silly dependencyIsSatisfied   '^3.3.4',
85 silly dependencyIsSatisfied   'D:\\Box\\modern_viet\\Modules\\Category\\node_modules'
85 silly dependencyIsSatisfied ]
86 verbose dependencyIsSatisfied jstree false
87 silly hasDependencyInstalled category-post-module jstree
88 silly dependencyIsSatisfied [
88 silly dependencyIsSatisfied   'jstree',
88 silly dependencyIsSatisfied   '^3.3.4',
88 silly dependencyIsSatisfied   'D:\\Box\\modern_viet\\Modules\\Post\\node_modules'
88 silly dependencyIsSatisfied ]
89 verbose dependencyIsSatisfied jstree false
90 silly hasDependencyInstalled media-module dropzone
91 silly dependencyIsSatisfied [
91 silly dependencyIsSatisfied   'dropzone',
91 silly dependencyIsSatisfied   '^5.4.0',
91 silly dependencyIsSatisfied   'D:\\Box\\modern_viet\\Modules\\Media\\node_modules'
91 silly dependencyIsSatisfied ]
92 verbose dependencyIsSatisfied dropzone false
93 silly hasDependencyInstalled menu-module nestable2
94 silly dependencyIsSatisfied [
94 silly dependencyIsSatisfied   'nestable2',
94 silly dependencyIsSatisfied   '^1.6.0',
94 silly dependencyIsSatisfied   'D:\\Box\\modern_viet\\Modules\\Menu\\node_modules'
94 silly dependencyIsSatisfied ]
95 verbose dependencyIsSatisfied nestable2 false
96 silly hasDependencyInstalled translation-module x-editable
97 silly dependencyIsSatisfied [
97 silly dependencyIsSatisfied   'x-editable',
97 silly dependencyIsSatisfied   '^1.5.1',
97 silly dependencyIsSatisfied   'D:\\Box\\modern_viet\\Modules\\Translation\\node_modules'
97 silly dependencyIsSatisfied ]
98 verbose dependencyIsSatisfied x-editable false
99 silly hasDependencyInstalled storefront-theme animate.css
100 silly dependencyIsSatisfied [
100 silly dependencyIsSatisfied   'animate.css',
100 silly dependencyIsSatisfied   '^3.5.2',
100 silly dependencyIsSatisfied   'D:\\Box\\modern_viet\\Themes\\Storefront\\node_modules'
100 silly dependencyIsSatisfied ]
101 verbose dependencyIsSatisfied animate.css false
102 silly hasDependencyInstalled storefront-theme devbridge-autocomplete
103 silly dependencyIsSatisfied [
103 silly dependencyIsSatisfied   'devbridge-autocomplete',
103 silly dependencyIsSatisfied   '^1.4.9',
103 silly dependencyIsSatisfied   'D:\\Box\\modern_viet\\Themes\\Storefront\\node_modules'
103 silly dependencyIsSatisfied ]
104 verbose dependencyIsSatisfied devbridge-autocomplete false
105 silly hasDependencyInstalled storefront-theme drift-zoom
106 silly dependencyIsSatisfied [
106 silly dependencyIsSatisfied   'drift-zoom',
106 silly dependencyIsSatisfied   '^1.3.0',
106 silly dependencyIsSatisfied   'D:\\Box\\modern_viet\\Themes\\Storefront\\node_modules'
106 silly dependencyIsSatisfied ]
107 verbose dependencyIsSatisfied drift-zoom false
108 silly hasDependencyInstalled storefront-theme jquery.easing
109 silly dependencyIsSatisfied [
109 silly dependencyIsSatisfied   'jquery.easing',
109 silly dependencyIsSatisfied   '^1.4.1',
109 silly dependencyIsSatisfied   'D:\\Box\\modern_viet\\Themes\\Storefront\\node_modules'
109 silly dependencyIsSatisfied ]
110 verbose dependencyIsSatisfied jquery.easing false
111 silly hasDependencyInstalled storefront-theme nouislider
112 silly dependencyIsSatisfied [
112 silly dependencyIsSatisfied   'nouislider',
112 silly dependencyIsSatisfied   '^11.1.0',
112 silly dependencyIsSatisfied   'D:\\Box\\modern_viet\\Themes\\Storefront\\node_modules'
112 silly dependencyIsSatisfied ]
113 verbose dependencyIsSatisfied nouislider false
114 silly hasDependencyInstalled storefront-theme slick-carousel
115 silly dependencyIsSatisfied [
115 silly dependencyIsSatisfied   'slick-carousel',
115 silly dependencyIsSatisfied   '^1.7.1',
115 silly dependencyIsSatisfied   'D:\\Box\\modern_viet\\Themes\\Storefront\\node_modules'
115 silly dependencyIsSatisfied ]
116 verbose dependencyIsSatisfied slick-carousel false
117 silly hasDependencyInstalled storefront-theme slick-lightbox
118 silly dependencyIsSatisfied [
118 silly dependencyIsSatisfied   'slick-lightbox',
118 silly dependencyIsSatisfied   '^0.2.10',
118 silly dependencyIsSatisfied   'D:\\Box\\modern_viet\\Themes\\Storefront\\node_modules'
118 silly dependencyIsSatisfied ]
119 verbose dependencyIsSatisfied slick-lightbox false
120 silly root dependencies []
121 silly leaf dependencies {
121 silly leaf dependencies   "admin-module": [
121 silly leaf dependencies     {
121 silly leaf dependencies       "dependency": "bootstrap@^3.3.7",
121 silly leaf dependencies       "isSatisfied": false
121 silly leaf dependencies     },
121 silly leaf dependencies     {
121 silly leaf dependencies       "dependency": "chart.js@^2.7.3",
121 silly leaf dependencies       "isSatisfied": false
121 silly leaf dependencies     },
121 silly leaf dependencies     {
121 silly leaf dependencies       "dependency": "datatables.net@^1.10.15",
121 silly leaf dependencies       "isSatisfied": false
121 silly leaf dependencies     },
121 silly leaf dependencies     {
121 silly leaf dependencies       "dependency": "datatables.net-bs@^1.10.15",
121 silly leaf dependencies       "isSatisfied": false
121 silly leaf dependencies     },
121 silly leaf dependencies     {
121 silly leaf dependencies       "dependency": "flatpickr@^3.0.6",
121 silly leaf dependencies       "isSatisfied": false
121 silly leaf dependencies     },
121 silly leaf dependencies     {
121 silly leaf dependencies       "dependency": "font-awesome@^4.7.0",
121 silly leaf dependencies       "isSatisfied": false
121 silly leaf dependencies     },
121 silly leaf dependencies     {
121 silly leaf dependencies       "dependency": "jquery@^3.2.1",
121 silly leaf dependencies       "isSatisfied": false
121 silly leaf dependencies     },
121 silly leaf dependencies     {
121 silly leaf dependencies       "dependency": "jquery-slimscroll@^1.3.8",
121 silly leaf dependencies       "isSatisfied": false
121 silly leaf dependencies     },
121 silly leaf dependencies     {
121 silly leaf dependencies       "dependency": "lodash@^4.17.4",
121 silly leaf dependencies       "isSatisfied": false
121 silly leaf dependencies     },
121 silly leaf dependencies     {
121 silly leaf dependencies       "dependency": "mousetrap@^1.6.1",
121 silly leaf dependencies       "isSatisfied": false
121 silly leaf dependencies     },
121 silly leaf dependencies     {
121 silly leaf dependencies       "dependency": "nprogress@^0.2.0",
121 silly leaf dependencies       "isSatisfied": false
121 silly leaf dependencies     },
121 silly leaf dependencies     {
121 silly leaf dependencies       "dependency": "selectize@^0.12.6",
121 silly leaf dependencies       "isSatisfied": false
121 silly leaf dependencies     },
121 silly leaf dependencies     {
121 silly leaf dependencies       "dependency": "sortablejs@https://github.com/RubaXa/Sortable",
121 silly leaf dependencies       "isSatisfied": false
121 silly leaf dependencies     },
121 silly leaf dependencies     {
121 silly leaf dependencies       "dependency": "tinymce@^4.6.4",
121 silly leaf dependencies       "isSatisfied": false
121 silly leaf dependencies     }
121 silly leaf dependencies   ],
121 silly leaf dependencies   "storefront-theme": [
121 silly leaf dependencies     {
121 silly leaf dependencies       "dependency": "bootstrap@^3.3.7",
121 silly leaf dependencies       "isSatisfied": false
121 silly leaf dependencies     },
121 silly leaf dependencies     {
121 silly leaf dependencies       "dependency": "font-awesome@^4.7.0",
121 silly leaf dependencies       "isSatisfied": false
121 silly leaf dependencies     },
121 silly leaf dependencies     {
121 silly leaf dependencies       "dependency": "jquery@^3.3.1",
121 silly leaf dependencies       "isSatisfied": false
121 silly leaf dependencies     },
121 silly leaf dependencies     {
121 silly leaf dependencies       "dependency": "jquery-slimscroll@^1.3.8",
121 silly leaf dependencies       "isSatisfied": false
121 silly leaf dependencies     },
121 silly leaf dependencies     {
121 silly leaf dependencies       "dependency": "selectize@^0.12.6",
121 silly leaf dependencies       "isSatisfied": false
121 silly leaf dependencies     },
121 silly leaf dependencies     {
121 silly leaf dependencies       "dependency": "animate.css@^3.5.2",
121 silly leaf dependencies       "isSatisfied": false
121 silly leaf dependencies     },
121 silly leaf dependencies     {
121 silly leaf dependencies       "dependency": "devbridge-autocomplete@^1.4.9",
121 silly leaf dependencies       "isSatisfied": false
121 silly leaf dependencies     },
121 silly leaf dependencies     {
121 silly leaf dependencies       "dependency": "drift-zoom@^1.3.0",
121 silly leaf dependencies       "isSatisfied": false
121 silly leaf dependencies     },
121 silly leaf dependencies     {
121 silly leaf dependencies       "dependency": "jquery.easing@^1.4.1",
121 silly leaf dependencies       "isSatisfied": false
121 silly leaf dependencies     },
121 silly leaf dependencies     {
121 silly leaf dependencies       "dependency": "nouislider@^11.1.0",
121 silly leaf dependencies       "isSatisfied": false
121 silly leaf dependencies     },
121 silly leaf dependencies     {
121 silly leaf dependencies       "dependency": "slick-carousel@^1.7.1",
121 silly leaf dependencies       "isSatisfied": false
121 silly leaf dependencies     },
121 silly leaf dependencies     {
121 silly leaf dependencies       "dependency": "slick-lightbox@^0.2.10",
121 silly leaf dependencies       "isSatisfied": false
121 silly leaf dependencies     }
121 silly leaf dependencies   ],
121 silly leaf dependencies   "category-module": [
121 silly leaf dependencies     {
121 silly leaf dependencies       "dependency": "jstree@^3.3.4",
121 silly leaf dependencies       "isSatisfied": false
121 silly leaf dependencies     }
121 silly leaf dependencies   ],
121 silly leaf dependencies   "category-post-module": [
121 silly leaf dependencies     {
121 silly leaf dependencies       "dependency": "jstree@^3.3.4",
121 silly leaf dependencies       "isSatisfied": false
121 silly leaf dependencies     }
121 silly leaf dependencies   ],
121 silly leaf dependencies   "media-module": [
121 silly leaf dependencies     {
121 silly leaf dependencies       "dependency": "dropzone@^5.4.0",
121 silly leaf dependencies       "isSatisfied": false
121 silly leaf dependencies     }
121 silly leaf dependencies   ],
121 silly leaf dependencies   "menu-module": [
121 silly leaf dependencies     {
121 silly leaf dependencies       "dependency": "nestable2@^1.6.0",
121 silly leaf dependencies       "isSatisfied": false
121 silly leaf dependencies     }
121 silly leaf dependencies   ],
121 silly leaf dependencies   "translation-module": [
121 silly leaf dependencies     {
121 silly leaf dependencies       "dependency": "x-editable@^1.5.1",
121 silly leaf dependencies       "isSatisfied": false
121 silly leaf dependencies     }
121 silly leaf dependencies   ]
121 silly leaf dependencies }
122 info Installing external dependencies
123 verbose actions 7 actions, concurrency 4
124 silly installInDir Admin [
124 silly installInDir   'bootstrap@^3.3.7',
124 silly installInDir   'chart.js@^2.7.3',
124 silly installInDir   'datatables.net@^1.10.15',
124 silly installInDir   'datatables.net-bs@^1.10.15',
124 silly installInDir   'flatpickr@^3.0.6',
124 silly installInDir   'font-awesome@^4.7.0',
124 silly installInDir   'jquery@^3.2.1',
124 silly installInDir   'jquery-slimscroll@^1.3.8',
124 silly installInDir   'lodash@^4.17.4',
124 silly installInDir   'mousetrap@^1.6.1',
124 silly installInDir   'nprogress@^0.2.0',
124 silly installInDir   'selectize@^0.12.6',
124 silly installInDir   'sortablejs@https://github.com/RubaXa/Sortable',
124 silly installInDir   'tinymce@^4.6.4'
124 silly installInDir ]
125 silly installInDir backup D:\Box\modern_viet\Modules\Admin\package.json
126 silly rename [
126 silly rename   'D:\\Box\\modern_viet\\Modules\\Admin\\package.json',
126 silly rename   'D:\\Box\\modern_viet\\Modules\\Admin\\package.json.lerna_backup'
126 silly rename ]
127 silly installInDir Storefront [
127 silly installInDir   'bootstrap@^3.3.7',
127 silly installInDir   'font-awesome@^4.7.0',
127 silly installInDir   'jquery@^3.3.1',
127 silly installInDir   'jquery-slimscroll@^1.3.8',
127 silly installInDir   'selectize@^0.12.6',
127 silly installInDir   'animate.css@^3.5.2',
127 silly installInDir   'devbridge-autocomplete@^1.4.9',
127 silly installInDir   'drift-zoom@^1.3.0',
127 silly installInDir   'jquery.easing@^1.4.1',
127 silly installInDir   'nouislider@^11.1.0',
127 silly installInDir   'slick-carousel@^1.7.1',
127 silly installInDir   'slick-lightbox@^0.2.10'
127 silly installInDir ]
128 silly installInDir backup D:\Box\modern_viet\Themes\Storefront\package.json
129 silly rename [
129 silly rename   'D:\\Box\\modern_viet\\Themes\\Storefront\\package.json',
129 silly rename   'D:\\Box\\modern_viet\\Themes\\Storefront\\package.json.lerna_backup'
129 silly rename ]
130 silly installInDir Category [ 'jstree@^3.3.4' ]
131 silly installInDir backup D:\Box\modern_viet\Modules\Category\package.json
132 silly rename [
132 silly rename   'D:\\Box\\modern_viet\\Modules\\Category\\package.json',
132 silly rename   'D:\\Box\\modern_viet\\Modules\\Category\\package.json.lerna_backup'
132 silly rename ]
133 silly installInDir Post [ 'jstree@^3.3.4' ]
134 silly installInDir backup D:\Box\modern_viet\Modules\Post\package.json
135 silly rename [
135 silly rename   'D:\\Box\\modern_viet\\Modules\\Post\\package.json',
135 silly rename   'D:\\Box\\modern_viet\\Modules\\Post\\package.json.lerna_backup'
135 silly rename ]
136 silly installInDir writing tempJson {
136 silly installInDir   dependencies: {
136 silly installInDir     bootstrap: '^3.3.7',
136 silly installInDir     'chart.js': '^2.7.3',
136 silly installInDir     'datatables.net': '^1.10.15',
136 silly installInDir     'datatables.net-bs': '^1.10.15',
136 silly installInDir     flatpickr: '^3.0.6',
136 silly installInDir     'font-awesome': '^4.7.0',
136 silly installInDir     jquery: '^3.2.1',
136 silly installInDir     'jquery-slimscroll': '^1.3.8',
136 silly installInDir     lodash: '^4.17.4',
136 silly installInDir     mousetrap: '^1.6.1',
136 silly installInDir     nprogress: '^0.2.0',
136 silly installInDir     selectize: '^0.12.6',
136 silly installInDir     sortablejs: 'https://github.com/RubaXa/Sortable',
136 silly installInDir     tinymce: '^4.6.4'
136 silly installInDir   }
136 silly installInDir }
137 silly installInDir writing tempJson {
137 silly installInDir   dependencies: {
137 silly installInDir     bootstrap: '^3.3.7',
137 silly installInDir     'font-awesome': '^4.7.0',
137 silly installInDir     jquery: '^3.3.1',
137 silly installInDir     'jquery-slimscroll': '^1.3.8',
137 silly installInDir     selectize: '^0.12.6',
137 silly installInDir     'animate.css': '^3.5.2',
137 silly installInDir     'devbridge-autocomplete': '^1.4.9',
137 silly installInDir     'drift-zoom': '^1.3.0',
137 silly installInDir     'jquery.easing': '^1.4.1',
137 silly installInDir     nouislider: '^11.1.0',
137 silly installInDir     'slick-carousel': '^1.7.1',
137 silly installInDir     'slick-lightbox': '^0.2.10'
137 silly installInDir   }
137 silly installInDir }
138 silly installInDir writing tempJson { dependencies: { jstree: '^3.3.4' } }
139 silly installInDir writing tempJson { dependencies: { jstree: '^3.3.4' } }
140 silly getExecOpts { cwd: 'D:\\Box\\modern_viet\\Modules\\Post' }
141 silly installInDir [
141 silly installInDir   'yarn',
141 silly installInDir   [ 'install', '--mutex', 'network:42424', '--non-interactive' ]
141 silly installInDir ]
142 silly getExecOpts { cwd: 'D:\\Box\\modern_viet\\Modules\\Category' }
143 silly installInDir [
143 silly installInDir   'yarn',
143 silly installInDir   [ 'install', '--mutex', 'network:42424', '--non-interactive' ]
143 silly installInDir ]
144 silly installInDir cleanup D:\Box\modern_viet\Modules\Post\package.json
145 silly renameSync [
145 silly renameSync   'D:\\Box\\modern_viet\\Modules\\Post\\package.json.lerna_backup',
145 silly renameSync   'D:\\Box\\modern_viet\\Modules\\Post\\package.json'
145 silly renameSync ]
146 verbose installed leaf category-post-module
147 error execute callback with error
148 error Error: spawn yarn ENOENT
148 error     at notFoundError (D:\Box\modern_viet\node_modules\lerna\node_modules\cross-spawn\lib\enoent.js:11:11)
148 error     at verifyENOENT (D:\Box\modern_viet\node_modules\lerna\node_modules\cross-spawn\lib\enoent.js:46:16)
148 error     at ChildProcess.cp.emit (D:\Box\modern_viet\node_modules\lerna\node_modules\cross-spawn\lib\enoent.js:33:19)
